
> updeal-web@0.1.1 build
> next build

node.exe : [baseline-
browser-mapping] The 
data in this module 
is over two months 
old.  To ensure 
accurate Baseline 
data, please update: 
`npm i baseline-brows
er-mapping@latest -D`
At line:1 char:1
+ & "C:\Program Files
\nodejs/node.exe" 
"C:\Program 
Files\nodejs/node_mo 
...
+ ~~~~~~~~~~~~~~~~~~~
~~~~~~~~~~~~~~~~~~~~~
~~~~~~~~~~~~~~~~~~~~~
~~~~~~~~
    + CategoryInfo   
           : NotSpe  
  cified: ([baseli   
 ne-brows...ping@    
latest -D`:Strin    
g) [], RemoteExc    
eption
    + FullyQualified 
   ErrorId : Native  
  CommandError
 
   Γû▓ Next.js 16.0.10 (Turbopack)
   - Environments: .env

 ΓÜá The 
"middleware" file 
convention is 
deprecated. Please 
use "proxy" instead. 
Learn more: https://n
extjs.org/docs/messag
es/middleware-to-prox
y
   Creating an optimized production build ...
[baseline-browser-map
ping] The data in 
this module is over 
two months old.  To 
ensure accurate 
Baseline data, 
please update: `npm 
i baseline-browser-ma
pping@latest -D`
 Γ£ô Compiled successfully in 5.2s
   Running TypeScript ...
   Collecting page data using 19 workers ...
[baseline-browser-map
ping] The data in 
this module is over 
two months old.  To 
ensure accurate 
Baseline data, 
please update: `npm 
i baseline-browser-ma
pping@latest -D`
[baseline-browser-map
ping] The data in 
this module is over 
two months old.  To 
ensure accurate 
Baseline data, 
please update: `npm 
i baseline-browser-ma
pping@latest -D`
[baseline-browser-map
ping] The data in 
this module is over 
two months old.  To 
ensure accurate 
Baseline data, 
please update: `npm 
i baseline-browser-ma
pping@latest -D`
[baseline-browser-map
ping] The data in 
this module is over 
two months old.  To 
ensure accurate 
Baseline data, 
please update: `npm 
i baseline-browser-ma
pping@latest -D`
[baseline-browser-map
ping] The data in 
this module is over 
two months old.  To 
ensure accurate 
Baseline data, 
please update: `npm 
i baseline-browser-ma
pping@latest -D`
[baseline-browser-map
ping] The data in 
this module is over 
two months old.  To 
ensure accurate 
Baseline data, 
please update: `npm 
i baseline-browser-ma
pping@latest -D`
[baseline-browser-map
ping] The data in 
this module is over 
two months old.  To 
ensure accurate 
Baseline data, 
please update: `npm 
i baseline-browser-ma
pping@latest -D`
[baseline-browser-map
ping] The data in 
this module is over 
two months old.  To 
ensure accurate 
Baseline data, 
please update: `npm 
i baseline-browser-ma
pping@latest -D`
[baseline-browser-map
ping] The data in 
this module is over 
two months old.  To 
ensure accurate 
Baseline data, 
please update: `npm 
i baseline-browser-ma
pping@latest -D`
[baseline-browser-map
ping] The data in 
this module is over 
two months old.  To 
ensure accurate 
Baseline data, 
please update: `npm 
i baseline-browser-ma
pping@latest -D`
[baseline-browser-map
ping] The data in 
this module is over 
two months old.  To 
ensure accurate 
Baseline data, 
please update: `npm 
i baseline-browser-ma
pping@latest -D`
[baseline-browser-map
ping] The data in 
this module is over 
two months old.  To 
ensure accurate 
Baseline data, 
please update: `npm 
i baseline-browser-ma
pping@latest -D`
[baseline-browser-map
ping] The data in 
this module is over 
two months old.  To 
ensure accurate 
Baseline data, 
please update: `npm 
i baseline-browser-ma
pping@latest -D`
[baseline-browser-map
ping] The data in 
this module is over 
two months old.  To 
ensure accurate 
Baseline data, 
please update: `npm 
i baseline-browser-ma
pping@latest -D`
[baseline-browser-map
ping] The data in 
this module is over 
two months old.  To 
ensure accurate 
Baseline data, 
please update: `npm 
i baseline-browser-ma
pping@latest -D`
[baseline-browser-map
ping] The data in 
this module is over 
two months old.  To 
ensure accurate 
Baseline data, 
please update: `npm 
i baseline-browser-ma
pping@latest -D`
[baseline-browser-map
ping] The data in 
this module is over 
two months old.  To 
ensure accurate 
Baseline data, 
please update: `npm 
i baseline-browser-ma
pping@latest -D`
[baseline-browser-map
ping] The data in 
this module is over 
two months old.  To 
ensure accurate 
Baseline data, 
please update: `npm 
i baseline-browser-ma
pping@latest -D`
[baseline-browser-map
ping] The data in 
this module is over 
two months old.  To 
ensure accurate 
Baseline data, 
please update: `npm 
i baseline-browser-ma
pping@latest -D`
   Generating static pages using 19 workers (0/17) ...
[baseline-browser-map
ping] The data in 
this module is over 
two months old.  To 
ensure accurate 
Baseline data, 
please update: `npm 
i baseline-browser-ma
pping@latest -D`
   Generating static pages using 19 workers (4/17) 
   Generating static pages using 19 workers (8/17) 
   Generating static pages using 19 workers (12/17) 
 Γ£ô Generating static pages using 19 workers (17/17) in 750.7ms
   Finalizing page optimization ...

Route (app)
Γöî Γùï /
Γö£ Γùï /_not-found
Γö£ ╞Æ /[slug]
Γö£ ╞Æ /[slug]/referral
Γö£ ╞Æ /admin
Γö£ ╞Æ /admin/analytics
Γö£ ╞Æ /admin/customers
Γö£ Γùï /admin/login
Γö£ ╞Æ /admin/merchants
Γö£ ╞Æ /admin/merchants/[id]/edit
Γö£ Γùï /admin/merchants/new
Γö£ ╞Æ /api/admin/customers/update-internal-id
Γö£ ╞Æ /api/admin/debug/claims
Γö£ ╞Æ /api/admin/upload
Γö£ ╞Æ /api/cron/daily-brief
Γö£ ╞Æ /api/cron/reminders
Γö£ ╞Æ /api/error-report
Γö£ ╞Æ /api/merchant/auth/login
Γö£ ╞Æ /api/public/coupons/claim
Γö£ ╞Æ /api/public/coupons/redeem
Γö£ ╞Æ /api/public/merchants/[slug]
Γö£ ╞Æ /api/store/redeem
Γö£ ╞Æ /api/store/redemptions
Γö£ ╞Æ /api/store/stats
Γö£ ╞Æ /api/store/verify-coupon
Γö£ ╞Æ /api/store/verify-pin
Γö£ ╞Æ /api/test-pass
Γö£ ╞Æ /api/wallet/generate
Γö£ ╞Æ /api/wallet/v1/devices/[deviceId]/registrations/[passTypeId]
Γö£ ╞Æ /api/wallet/v1/devices/[deviceId]/registrations/[passTypeId]/[serialNumber]
Γö£ ╞Æ /api/wallet/v1/log
Γö£ ╞Æ /api/wallet/v1/passes/[passTypeId]/[serialNumber]
Γö£ Γùï /apple-icon.png
Γö£ Γùï /icon.png
Γö£ Γùï /merchant/login
Γö£ Γùï /privacy-policy
Γö£ Γùï /store-redeem
Γö£ ╞Æ /store-redeem/[merchantSlug]
Γö£ Γùï /terms-of-service
Γöö ╞Æ /verify/[code]


╞Æ Proxy (Middleware)

Γùï  (Static)   prerendered as static content
╞Æ  (Dynamic)  server-rendered on demand


